<?xml version="1.0" encoding="UTF-8"?>
<testsuite xmlns:xsi="http://www.w3.org/2001/XMLSchema-instance" xsi:noNamespaceSchemaLocation="https://maven.apache.org/surefire/maven-surefire-plugin/xsd/surefire-test-report.xsd" name="org.webtrekk.mailsender.Controller.MailSenderControllerTests" time="6.931" tests="2" errors="0" skipped="0" failures="0">
  <properties>
[...]
</properties>
  <testcase name="ShouldRespondBadRequestIfParameterIsMissing" classname="org.webtrekk.mailsender.Controller.MailSenderControllerTests" time="0.149"/>
  <testcase name="ShouldRespondHttpStatusOkWhenAllParameterAreSetted" classname="org.webtrekk.mailsender.Controller.MailSenderControllerTests" time="0.08"/>
</testsuite>